# JRE version: OpenJDK Runtime Environment (8.0_212-b04) (build 1.8.0_212-release-1586-b04)
# Java VM: OpenJDK 64-Bit Server VM (25.212-b04 mixed mode windows-amd64 compressed oops)
Heap:
 PSYoungGen      total 431616K, used 260887K [0x00000000e0000000, 0x00000000ff580000, 0x0000000100000000)
  eden space 364032K, 66% used [0x00000000e0000000,0x00000000eee09540,0x00000000f6380000)
  from space 67584K, 25% used [0x00000000fb380000,0x00000000fc43ca80,0x00000000ff580000)
  to   space 74752K, 0% used [0x00000000f6380000,0x00000000f6380000,0x00000000fac80000)
 ParOldGen       total 293888K, used 51049K [0x00000000a0000000, 0x00000000b1f00000, 0x00000000e0000000)
  object space 293888K, 17% used [0x00000000a0000000,0x00000000a31da528,0x00000000b1f00000)
 Metaspace       used 103866K, capacity 108906K, committed 108928K, reserved 1144832K
  class space    used 13476K, capacity 14445K, committed 14464K, reserved 1048576K
GC Heap History (10 events):
Event: 146.559 GC heap before
{Heap before GC invocations=37 (full 5):
 PSYoungGen      total 478208K, used 473908K [0x00000000e0000000, 0x0000000100000000, 0x0000000100000000)
  eden space 435200K, 99% used [0x00000000e0000000,0x00000000fa4d1af0,0x00000000fa900000)
  from space 43008K, 99% used [0x00000000fa900000,0x00000000fd2fb6b0,0x00000000fd300000)
  to   space 46080K, 0% used [0x00000000fd300000,0x00000000fd300000,0x0000000100000000)
 ParOldGen       total 241152K, used 189670K [0x00000000a0000000, 0x00000000aeb80000, 0x00000000e0000000)
  object space 241152K, 78% used [0x00000000a0000000,0x00000000ab939a20,0x00000000aeb80000)
 Metaspace       used 99128K, capacity 103790K, committed 103936K, reserved 1138688K
  class space    used 13050K, capacity 14010K, committed 14080K, reserved 1048576K
Event: 146.705 GC heap after
Heap after GC invocations=37 (full 5):
 PSYoungGen      total 406528K, used 46049K [0x00000000e0000000, 0x0000000100000000, 0x0000000100000000)
  eden space 360448K, 0% used [0x00000000e0000000,0x00000000e0000000,0x00000000f6000000)
  from space 46080K, 99% used [0x00000000fd300000,0x00000000ffff8468,0x0000000100000000)
  to   space 81920K, 0% used [0x00000000f6000000,0x00000000f6000000,0x00000000fb000000)
 ParOldGen       total 241152K, used 240905K [0x00000000a0000000, 0x00000000aeb80000, 0x00000000e0000000)
  object space 241152K, 99% used [0x00000000a0000000,0x00000000aeb426a0,0x00000000aeb80000)
 Metaspace       used 99128K, capacity 103790K, committed 103936K, reserved 1138688K
  class space    used 13050K, capacity 14010K, committed 14080K, reserved 1048576K
}
Event: 146.705 GC heap before
{Heap before GC invocations=38 (full 6):
 PSYoungGen      total 406528K, used 46049K [0x00000000e0000000, 0x0000000100000000, 0x0000000100000000)
  eden space 360448K, 0% used [0x00000000e0000000,0x00000000e0000000,0x00000000f6000000)
  from space 46080K, 99% used [0x00000000fd300000,0x00000000ffff8468,0x0000000100000000)
  to   space 81920K, 0% used [0x00000000f6000000,0x00000000f6000000,0x00000000fb000000)
 ParOldGen       total 241152K, used 240905K [0x00000000a0000000, 0x00000000aeb80000, 0x00000000e0000000)
  object space 241152K, 99% used [0x00000000a0000000,0x00000000aeb426a0,0x00000000aeb80000)
 Metaspace       used 99128K, capacity 103790K, committed 103936K, reserved 1138688K
  class space    used 13050K, capacity 14010K, committed 14080K, reserved 1048576K
Event: 147.382 GC heap after
Heap after GC invocations=38 (full 6):
 PSYoungGen      total 406528K, used 0K [0x00000000e0000000, 0x0000000100000000, 0x0000000100000000)
  eden space 360448K, 0% used [0x00000000e0000000,0x00000000e0000000,0x00000000f6000000)
  from space 46080K, 0% used [0x00000000fd300000,0x00000000fd300000,0x0000000100000000)
  to   space 81920K, 0% used [0x00000000f6000000,0x00000000f6000000,0x00000000fb000000)
 ParOldGen       total 293888K, used 148414K [0x00000000a0000000, 0x00000000b1f00000, 0x00000000e0000000)
  object space 293888K, 50% used [0x00000000a0000000,0x00000000a90efaa0,0x00000000b1f00000)
 Metaspace       used 99126K, capacity 103784K, committed 103936K, reserved 1138688K
  class space    used 13049K, capacity 14009K, committed 14080K, reserved 1048576K
}
Event: 3747.383 GC heap before
{Heap before GC invocations=39 (full 6):
 PSYoungGen      total 406528K, used 143489K [0x00000000e0000000, 0x0000000100000000, 0x0000000100000000)
  eden space 360448K, 39% used [0x00000000e0000000,0x00000000e8c207b0,0x00000000f6000000)
  from space 46080K, 0% used [0x00000000fd300000,0x00000000fd300000,0x0000000100000000)
  to   space 81920K, 0% used [0x00000000f6000000,0x00000000f6000000,0x00000000fb000000)
 ParOldGen       total 293888K, used 148414K [0x00000000a0000000, 0x00000000b1f00000, 0x00000000e0000000)
  object space 293888K, 50% used [0x00000000a0000000,0x00000000a90efaa0,0x00000000b1f00000)
 Metaspace       used 101103K, capacity 105970K, committed 105984K, reserved 1140736K
  class space    used 13325K, capacity 14332K, committed 14336K, reserved 1048576K
Event: 3747.427 GC heap after
Heap after GC invocations=39 (full 6):
 PSYoungGen      total 442368K, used 17761K [0x00000000e0000000, 0x0000000100000000, 0x0000000100000000)
  eden space 360448K, 0% used [0x00000000e0000000,0x00000000e0000000,0x00000000f6000000)
  from space 81920K, 21% used [0x00000000f6000000,0x00000000f7158428,0x00000000fb000000)
  to   space 78336K, 0% used [0x00000000fb380000,0x00000000fb380000,0x0000000100000000)
 ParOldGen       total 293888K, used 148422K [0x00000000a0000000, 0x00000000b1f00000, 0x00000000e0000000)
  object space 293888K, 50% used [0x00000000a0000000,0x00000000a90f1aa0,0x00000000b1f00000)
 Metaspace       used 101103K, capacity 105970K, committed 105984K, reserved 1140736K
  class space    used 13325K, capacity 14332K, committed 14336K, reserved 1048576K
}
Event: 3747.427 GC heap before
{Heap before GC invocations=40 (full 7):
 PSYoungGen      total 442368K, used 17761K [0x00000000e0000000, 0x0000000100000000, 0x0000000100000000)
  eden space 360448K, 0% used [0x00000000e0000000,0x00000000e0000000,0x00000000f6000000)
  from space 81920K, 21% used [0x00000000f6000000,0x00000000f7158428,0x00000000fb000000)
  to   space 78336K, 0% used [0x00000000fb380000,0x00000000fb380000,0x0000000100000000)
 ParOldGen       total 293888K, used 148422K [0x00000000a0000000, 0x00000000b1f00000, 0x00000000e0000000)
  object space 293888K, 50% used [0x00000000a0000000,0x00000000a90f1aa0,0x00000000b1f00000)
 Metaspace       used 101103K, capacity 105970K, committed 105984K, reserved 1140736K
  class space    used 13325K, capacity 14332K, committed 14336K, reserved 1048576K
Event: 3747.705 GC heap after
Heap after GC invocations=40 (full 7):
 PSYoungGen      total 442368K, used 0K [0x00000000e0000000, 0x0000000100000000, 0x0000000100000000)
  eden space 360448K, 0% used [0x00000000e0000000,0x00000000e0000000,0x00000000f6000000)
  from space 81920K, 0% used [0x00000000f6000000,0x00000000f6000000,0x00000000fb000000)
  to   space 78336K, 0% used [0x00000000fb380000,0x00000000fb380000,0x0000000100000000)
 ParOldGen       total 293888K, used 51041K [0x00000000a0000000, 0x00000000b1f00000, 0x00000000e0000000)
  object space 293888K, 17% used [0x00000000a0000000,0x00000000a31d8528,0x00000000b1f00000)
 Metaspace       used 97846K, capacity 101216K, committed 105984K, reserved 1140736K
  class space    used 12808K, capacity 13499K, committed 14336K, reserved 1048576K
}
Event: 7074.184 GC heap before
{Heap before GC invocations=41 (full 7):
 PSYoungGen      total 442368K, used 360448K [0x00000000e0000000, 0x0000000100000000, 0x0000000100000000)
  eden space 360448K, 100% used [0x00000000e0000000,0x00000000f6000000,0x00000000f6000000)
  from space 81920K, 0% used [0x00000000f6000000,0x00000000f6000000,0x00000000fb000000)
  to   space 78336K, 0% used [0x00000000fb380000,0x00000000fb380000,0x0000000100000000)
 ParOldGen       total 293888K, used 51041K [0x00000000a0000000, 0x00000000b1f00000, 0x00000000e0000000)
  object space 293888K, 17% used [0x00000000a0000000,0x00000000a31d8528,0x00000000b1f00000)
 Metaspace       used 101299K, capacity 106184K, committed 106880K, reserved 1142784K
  class space    used 13227K, capacity 14166K, committed 14464K, reserved 1048576K
Event: 7074.206 GC heap after
Heap after GC invocations=41 (full 7):
 PSYoungGen      total 431616K, used 17138K [0x00000000e0000000, 0x00000000ff580000, 0x0000000100000000)
  eden space 364032K, 0% used [0x00000000e0000000,0x00000000e0000000,0x00000000f6380000)
  from space 67584K, 25% used [0x00000000fb380000,0x00000000fc43ca80,0x00000000ff580000)
  to   space 74752K, 0% used [0x00000000f6380000,0x00000000f6380000,0x00000000fac80000)
 ParOldGen       total 293888K, used 51049K [0x00000000a0000000, 0x00000000b1f00000, 0x00000000e0000000)
  object space 293888K, 17% used [0x00000000a0000000,0x00000000a31da528,0x00000000b1f00000)
 Metaspace       used 101299K, capacity 106184K, committed 106880K, reserved 1142784K
  class space    used 13227K, capacity 14166K, committed 14464K, reserved 1048576K
}

